<?xml version="1.0" encoding="utf-8"?>
<coverage line-rate="0.5404" branch-rate="0.3614" version="1.9" timestamp="1756866306" lines-covered="1530" lines-valid="2831" branches-covered="309" branches-valid="855">
  <sources>
    <source>/home/runner/work/tuf-dotnet/tuf-dotnet/</source>
  </sources>
  <packages>
    <package name="CanonicalJson" line-rate="0.2801" branch-rate="0.4" complexity="429">
      <classes>
        <class name="CanonicalJson.Serializer" filename="CanonicalJson/CanonicalJson.cs" line-rate="0.6" branch-rate="0" complexity="6">
          <methods>
            <method name="Serialize" signature="(T)" line-rate="1" branch-rate="1" complexity="1">
              <lines>
                <line number="27" hits="312" branch="False" />
                <line number="35" hits="340" branch="False" />
                <line number="36" hits="340" branch="False" />
                <line number="37" hits="340" branch="False" />
                <line number="38" hits="340" branch="False" />
                <line number="39" hits="340" branch="False" />
                <line number="40" hits="340" branch="False" />
              </lines>
            </method>
            <method name="Deserialize" signature="(System.String)" line-rate="1" branch-rate="1" complexity="1">
              <lines>
                <line number="46" hits="2" branch="False" />
                <line number="54" hits="2" branch="False" />
                <line number="55" hits="2" branch="False" />
                <line number="56" hits="2" branch="False" />
                <line number="57" hits="2" branch="False" />
              </lines>
            </method>
            <method name="CompareUtf8" signature="(System.String,System.String)" line-rate="0" branch-rate="0" complexity="4">
              <lines>
                <line number="62" hits="0" branch="False" />
                <line number="63" hits="0" branch="False" />
                <line number="64" hits="0" branch="False" />
                <line number="65" hits="0" branch="True" condition-coverage="0% (0/2)">
                  <conditions>
                    <condition number="68" type="jump" coverage="0%" />
                  </conditions>
                </line>
                <line number="67" hits="0" branch="False" />
                <line number="68" hits="0" branch="False" />
                <line number="69" hits="0" branch="True" condition-coverage="0% (0/2)">
                  <conditions>
                    <condition number="54" type="jump" coverage="0%" />
                  </conditions>
                </line>
                <line number="71" hits="0" branch="False" />
              </lines>
            </method>
          </methods>
          <lines>
            <line number="27" hits="312" branch="False" />
            <line number="35" hits="340" branch="False" />
            <line number="36" hits="340" branch="False" />
            <line number="37" hits="340" branch="False" />
            <line number="38" hits="340" branch="False" />
            <line number="39" hits="340" branch="False" />
            <line number="40" hits="340" branch="False" />
            <line number="46" hits="2" branch="False" />
            <line number="54" hits="2" branch="False" />
            <line number="55" hits="2" branch="False" />
            <line number="56" hits="2" branch="False" />
            <line number="57" hits="2" branch="False" />
            <line number="62" hits="0" branch="False" />
            <line number="63" hits="0" branch="False" />
            <line number="64" hits="0" branch="False" />
            <line number="65" hits="0" branch="True" condition-coverage="0% (0/2)">
              <conditions>
                <condition number="68" type="jump" coverage="0%" />
              </conditions>
            </line>
            <line number="67" hits="0" branch="False" />
            <line number="68" hits="0" branch="False" />
            <line number="69" hits="0" branch="True" condition-coverage="0% (0/2)">
              <conditions>
                <condition number="54" type="jump" coverage="0%" />
              </conditions>
            </line>
            <line number="71" hits="0" branch="False" />
          </lines>
        </class>
        <class name="CanonicalJson.Proxies/CanonicalDateTimeOffsetProxy" filename="CanonicalJson/CanonicalJson.cs" line-rate="1" branch-rate="1" complexity="6">
          <methods>
            <method name="get_Instance" signature="()" line-rate="1" branch-rate="1" complexity="1">
              <lines>
                <line number="80" hits="5" branch="False" />
              </lines>
            </method>
            <method name="Serde.IDeserializeProvider&lt;System.DateTimeOffset&gt;.get_Instance" signature="()" line-rate="1" branch-rate="1" complexity="1">
              <lines>
                <line number="82" hits="1" branch="False" />
              </lines>
            </method>
            <method name="get_SerdeInfo" signature="()" line-rate="1" branch-rate="1" complexity="1">
              <lines>
                <line number="84" hits="4" branch="False" />
              </lines>
            </method>
            <method name="Deserialize" signature="(Serde.IDeserializer)" line-rate="1" branch-rate="1" complexity="1">
              <lines>
                <line number="88" hits="22" branch="False" />
                <line number="89" hits="22" branch="False" />
              </lines>
            </method>
            <method name="Serialize" signature="(System.DateTimeOffset,Serde.ISerializer)" line-rate="1" branch-rate="1" complexity="1">
              <lines>
                <line number="94" hits="166" branch="False" />
                <line number="95" hits="166" branch="False" />
              </lines>
            </method>
            <method name=".cctor" signature="()" line-rate="1" branch-rate="1" complexity="1">
              <lines>
                <line number="79" hits="1" branch="False" />
              </lines>
            </method>
          </methods>
          <lines>
            <line number="80" hits="5" branch="False" />
            <line number="82" hits="1" branch="False" />
            <line number="84" hits="4" branch="False" />
            <line number="88" hits="22" branch="False" />
            <line number="89" hits="22" branch="False" />
            <line number="94" hits="166" branch="False" />
            <line number="95" hits="166" branch="False" />
            <line number="79" hits="1" branch="False" />
          </lines>
        </class>
        <class name="CanonicalJson.Proxies/JsonObjectProxy" filename="CanonicalJson/CanonicalJson.cs" line-rate="0.7692" branch-rate="0.5" complexity="9">
          <methods>
            <method name="get_Instance" signature="()" line-rate="1" branch-rate="1" complexity="1">
              <lines>
                <line number="105" hits="71" branch="False" />
              </lines>
            </method>
            <method name="Serde.IDeserializeProvider&lt;System.Text.Json.Nodes.JsonObject&gt;.get_Instance" signature="()" line-rate="1" branch-rate="1" complexity="1">
              <lines>
                <line number="107" hits="1" branch="False" />
              </lines>
            </method>
            <method name="get_SerdeInfo" signature="()" line-rate="1" branch-rate="1" complexity="1">
              <lines>
                <line number="109" hits="1" branch="False" />
              </lines>
            </method>
            <method name="Deserialize" signature="(Serde.IDeserializer)" line-rate="0.75" branch-rate="0.5" complexity="4">
              <lines>
                <line number="114" hits="1" branch="False" />
                <line number="116" hits="1" branch="True" condition-coverage="50% (1/2)">
                  <conditions>
                    <condition number="13" type="jump" coverage="50%" />
                  </conditions>
                </line>
                <line number="118" hits="0" branch="False" />
                <line number="122" hits="1" branch="True" condition-coverage="50% (1/2)">
                  <conditions>
                    <condition number="42" type="jump" coverage="50%" />
                  </conditions>
                </line>
              </lines>
            </method>
            <method name="Serialize" signature="(System.Text.Json.Nodes.JsonObject,Serde.ISerializer)" line-rate="0.6666" branch-rate="0.5" complexity="2">
              <lines>
                <line number="127" hits="1" branch="True" condition-coverage="50% (1/2)">
                  <conditions>
                    <condition number="1" type="jump" coverage="50%" />
                  </conditions>
                </line>
                <line number="129" hits="0" branch="False" />
                <line number="130" hits="0" branch="False" />
                <line number="134" hits="1" branch="False" />
                <line number="135" hits="1" branch="False" />
                <line number="136" hits="1" branch="False" />
              </lines>
            </method>
          </methods>
          <lines>
            <line number="105" hits="71" branch="False" />
            <line number="107" hits="1" branch="False" />
            <line number="109" hits="1" branch="False" />
            <line number="114" hits="1" branch="False" />
            <line number="116" hits="1" branch="True" condition-coverage="50% (1/2)">
              <conditions>
                <condition number="13" type="jump" coverage="50%" />
              </conditions>
            </line>
            <line number="118" hits="0" branch="False" />
            <line number="122" hits="1" branch="True" condition-coverage="50% (1/2)">
              <conditions>
                <condition number="42" type="jump" coverage="50%" />
              </conditions>
            </line>
            <line number="127" hits="1" branch="True" condition-coverage="50% (1/2)">
              <conditions>
                <condition number="1" type="jump" coverage="50%" />
              </conditions>
            </line>
            <line number="129" hits="0" branch="False" />
            <line number="130" hits="0" branch="False" />
            <line number="134" hits="1" branch="False" />
            <line number="135" hits="1" branch="False" />
            <line number="136" hits="1" branch="False" />
          </lines>
        </class>
        <class name="CanonicalJson.CanonicalJsonSerdeReader" filename="CanonicalJson/CanonicalJsonDeserializer.cs" line-rate="0.3448" branch-rate="0.4936" complexity="114">
          <methods>
            <method name="get_SizeOpt" signature="()" line-rate="0" branch-rate="1" complexity="1">
              <lines>
                <line number="97" hits="0" branch="False" />
              </lines>
            </method>
            <method name="Dispose" signature="()" line-rate="1" branch-rate="0.75" complexity="4">
              <lines>
                <line number="101" hits="2" branch="True" condition-coverage="100% (2/2)">
                  <conditions>
                    <condition number="6" type="jump" coverage="100%" />
                  </conditions>
                </line>
                <line number="103" hits="2" branch="True" condition-coverage="50% (1/2)">
                  <conditions>
                    <condition number="15" type="jump" coverage="50%" />
                  </conditions>
                </line>
                <line number="104" hits="2" branch="False" />
                <line number="106" hits="2" branch="False" />
              </lines>
            </method>
            <method name="ReadBool" signature="()" line-rate="0" branch-rate="1" complexity="1">
              <lines>
                <line number="110" hits="0" branch="False" />
                <line number="111" hits="0" branch="False" />
              </lines>
            </method>
            <method name="ReadBool" signature="(Serde.ISerdeInfo,System.Int32)" line-rate="0" branch-rate="1" complexity="1">
              <lines>
                <line number="114" hits="0" branch="False" />
              </lines>
            </method>
            <method name="ReadBytes" signature="(System.Buffers.IBufferWriter`1&lt;System.Byte&gt;)" line-rate="0" branch-rate="1" complexity="1">
              <lines>
                <line number="118" hits="0" branch="False" />
                <line number="119" hits="0" branch="False" />
                <line number="120" hits="0" branch="False" />
                <line number="121" hits="0" branch="False" />
                <line number="122" hits="0" branch="False" />
              </lines>
            </method>
            <method name="ReadBytes" signature="(Serde.ISerdeInfo,System.Int32,System.Buffers.IBufferWriter`1&lt;System.Byte&gt;)" line-rate="0" branch-rate="1" complexity="1">
              <lines>
                <line number="124" hits="0" branch="False" />
              </lines>
            </method>
            <method name="ReadChar" signature="()" line-rate="0" branch-rate="0" complexity="2">
              <lines>
                <line number="128" hits="0" branch="False" />
                <line number="129" hits="0" branch="True" condition-coverage="0% (0/2)">
                  <conditions>
                    <condition number="14" type="jump" coverage="0%" />
                  </conditions>
                </line>
                <line number="130" hits="0" branch="False" />
                <line number="131" hits="0" branch="False" />
              </lines>
            </method>
            <method name="ReadChar" signature="(Serde.ISerdeInfo,System.Int32)" line-rate="0" branch-rate="1" complexity="1">
              <lines>
                <line number="134" hits="0" branch="False" />
              </lines>
            </method>
            <method name="ReadDateTime" signature="()" line-rate="0" branch-rate="1" complexity="1">
              <lines>
                <line number="138" hits="0" branch="False" />
                <line number="139" hits="0" branch="False" />
                <line number="140" hits="0" branch="False" />
              </lines>
            </method>
            <method name="ReadDateTime" signature="(Serde.ISerdeInfo,System.Int32)" line-rate="0" branch-rate="1" complexity="1">
              <lines>
                <line number="143" hits="0" branch="False" />
              </lines>
            </method>
            <method name="ReadDecimal" signature="()" line-rate="0" branch-rate="1" complexity="1">
              <lines>
                <line number="147" hits="0" branch="False" />
                <line number="148" hits="0" branch="False" />
              </lines>
            </method>
            <method name="ReadDecimal" signature="(Serde.ISerdeInfo,System.Int32)" line-rate="0" branch-rate="1" complexity="1">
              <lines>
                <line number="151" hits="0" branch="False" />
              </lines>
            </method>
            <method name="ReadF32" signature="()" line-rate="0" branch-rate="1" complexity="1">
              <lines>
                <line number="155" hits="0" branch="False" />
                <line number="156" hits="0" branch="False" />
              </lines>
            </method>
            <method name="ReadF32" signature="(Serde.ISerdeInfo,System.Int32)" line-rate="0" branch-rate="1" complexity="1">
              <lines>
                <line number="159" hits="0" branch="False" />
              </lines>
            </method>
            <method name="ReadF64" signature="()" line-rate="0" branch-rate="1" complexity="1">
              <lines>
                <line number="163" hits="0" branch="False" />
                <line number="164" hits="0" branch="False" />
              </lines>
            </method>
            <method name="ReadF64" signature="(Serde.ISerdeInfo,System.Int32)" line-rate="0" branch-rate="1" complexity="1">
              <lines>
                <line number="167" hits="0" branch="False" />
              </lines>
            </method>
            <method name="ReadI16" signature="()" line-rate="0" branch-rate="1" complexity="1">
              <lines>
                <line number="171" hits="0" branch="False" />
                <line number="172" hits="0" branch="False" />
              </lines>
            </method>
            <method name="ReadI16" signature="(Serde.ISerdeInfo,System.Int32)" line-rate="0" branch-rate="1" complexity="1">
              <lines>
                <line number="175" hits="0" branch="False" />
              </lines>
            </method>
            <method name="ReadI32" signature="()" line-rate="0" branch-rate="1" complexity="1">
              <lines>
                <line number="179" hits="0" branch="False" />
                <line number="180" hits="0" branch="False" />
              </lines>
            </method>
            <method name="ReadI32" signature="(Serde.ISerdeInfo,System.Int32)" line-rate="0" branch-rate="1" complexity="1">
              <lines>
                <line number="183" hits="0" branch="False" />
              </lines>
            </method>
            <method name="ReadI64" signature="()" line-rate="0" branch-rate="1" complexity="1">
              <lines>
                <line number="187" hits="0" branch="False" />
                <line number="188" hits="0" branch="False" />
              </lines>
            </method>
            <method name="ReadI64" signature="(Serde.ISerdeInfo,System.Int32)" line-rate="0" branch-rate="1" complexity="1">
              <lines>
                <line number="191" hits="0" branch="False" />
              </lines>
            </method>
            <method name="ReadI8" signature="()" line-rate="0" branch-rate="1" complexity="1">
              <lines>
                <line number="195" hits="0" branch="False" />
                <line number="196" hits="0" branch="False" />
              </lines>
            </method>
            <method name="ReadI8" signature="(Serde.ISerdeInfo,System.Int32)" line-rate="0" branch-rate="1" complexity="1">
              <lines>
                <line number="199" hits="0" branch="False" />
              </lines>
            </method>
            <method name="ReadNullableRef" signature="(Serde.IDeserialize`1&lt;T&gt;)" line-rate="0" branch-rate="0" complexity="2">
              <lines>
                <line number="203" hits="0" branch="True" condition-coverage="0% (0/2)">
                  <conditions>
                    <condition number="12" type="jump" coverage="0%" />
                  </conditions>
                </line>
                <line number="205" hits="0" branch="False" />
                <line number="207" hits="0" branch="False" />
              </lines>
            </method>
            <method name="ReadString" signature="()" line-rate="0.75" branch-rate="0.5" complexity="2">
              <lines>
                <line number="212" hits="6" branch="True" condition-coverage="50% (1/2)">
                  <conditions>
                    <condition number="12" type="jump" coverage="50%" />
                  </conditions>
                </line>
                <line number="213" hits="0" branch="False" />
                <line number="215" hits="6" branch="False" />
                <line number="216" hits="6" branch="False" />
              </lines>
            </method>
            <method name="ReadString" signature="(Serde.ISerdeInfo,System.Int32)" line-rate="1" branch-rate="1" complexity="1">
              <lines>
                <line number="219" hits="6" branch="False" />
              </lines>
            </method>
            <method name="ReadType" signature="(Serde.ISerdeInfo)" line-rate="0.5" branch-rate="0.5" complexity="4">
              <lines>
                <line number="223" hits="4" branch="True" condition-coverage="50% (1/2)">
                  <conditions>
                    <condition number="7" type="jump" coverage="50%" />
                  </conditions>
                </line>
                <line number="225" hits="0" branch="False" />
                <line number="226" hits="0" branch="False" />
                <line number="228" hits="4" branch="True" condition-coverage="50% (1/2)">
                  <conditions>
                    <condition number="39" type="jump" coverage="50%" />
                  </conditions>
                </line>
                <line number="230" hits="0" branch="False" />
                <line number="231" hits="0" branch="False" />
                <line number="235" hits="4" branch="False" />
                <line number="236" hits="4" branch="False" />
              </lines>
            </method>
            <method name="ReadU16" signature="()" line-rate="0" branch-rate="1" complexity="1">
              <lines>
                <line number="242" hits="0" branch="False" />
                <line number="243" hits="0" branch="False" />
              </lines>
            </method>
            <method name="ReadU16" signature="(Serde.ISerdeInfo,System.Int32)" line-rate="0" branch-rate="1" complexity="1">
              <lines>
                <line number="246" hits="0" branch="False" />
              </lines>
            </method>
            <method name="ReadU32" signature="()" line-rate="0" branch-rate="1" complexity="1">
              <lines>
                <line number="250" hits="0" branch="False" />
                <line number="251" hits="0" branch="False" />
              </lines>
            </method>
            <method name="ReadU32" signature="(Serde.ISerdeInfo,System.Int32)" line-rate="0" branch-rate="1" complexity="1">
              <lines>
                <line number="254" hits="0" branch="False" />
              </lines>
            </method>
            <method name="ReadU64" signature="()" line-rate="0" branch-rate="1" complexity="1">
              <lines>
                <line number="258" hits="0" branch="False" />
                <line number="259" hits="0" branch="False" />
              </lines>
            </method>
            <method name="ReadU64" signature="(Serde.ISerdeInfo,System.Int32)" line-rate="0" branch-rate="1" complexity="1">
              <lines>
                <line number="262" hits="0" branch="False" />
              </lines>
            </method>
            <method name="ReadU8" signature="()" line-rate="0" branch-rate="1" complexity="1">
              <lines>
                <line number="266" hits="0" branch="False" />
                <line number="267" hits="0" branch="False" />
              </lines>
            </method>
            <method name="ReadU8" signature="(Serde.ISerdeInfo,System.Int32)" line-rate="0" branch-rate="1" complexity="1">
              <lines>
                <line number="270" hits="0" branch="False" />
              </lines>
            </method>
            <method name="Serde.ITypeDeserializer.ReadValue" signature="(Serde.ISerdeInfo,System.Int32,Serde.IDeserialize`1&lt;T&gt;)" line-rate="0" branch-rate="1" complexity="1">
              <lines>
                <line number="274" hits="0" branch="False" />
              </lines>
            </method>
            <method name="SkipValue" signature="(Serde.ISerdeInfo,System.Int32)" line-rate="0" branch-rate="1" complexity="1">
              <lines>
                <line number="280" hits="0" branch="False" />
              </lines>
            </method>
            <method name="TryReadIndex" signature="(Serde.ISerdeInfo,System.String&amp;)" line-rate="0.909" branch-rate="0.75" complexity="4">
              <lines>
                <line number="284" hits="12" branch="False" />
                <line number="286" hits="12" branch="True" condition-coverage="50% (1/2)">
                  <conditions>
                    <condition number="9" type="jump" coverage="50%" />
                  </conditions>
                </line>
                <line number="288" hits="0" branch="False" />
                <line number="291" hits="12" branch="True" condition-coverage="100% (2/2)">
                  <conditions>
                    <condition number="24" type="jump" coverage="100%" />
                  </conditions>
                </line>
                <line number="293" hits="4" branch="False" />
                <line number="294" hits="4" branch="False" />
                <line number="297" hits="8" branch="False" />
                <line number="298" hits="8" branch="False" />
                <line number="300" hits="8" branch="False" />
                <line number="301" hits="8" branch="False" />
                <line number="303" hits="8" branch="False" />
              </lines>
            </method>
            <method name="EnsureValueKind" signature="(System.Text.Json.JsonValueKind[])" line-rate="0.75" branch-rate="0.5" complexity="4">
              <lines>
                <line number="309" hits="30" branch="True" condition-coverage="50% (1/2)">
                  <conditions>
                    <condition number="33" type="jump" coverage="50%" />
                  </conditions>
                </line>
                <line number="311" hits="10" branch="True" condition-coverage="50% (1/2)">
                  <conditions>
                    <condition number="22" type="jump" coverage="50%" />
                  </conditions>
                </line>
                <line number="312" hits="10" branch="False" />
                <line number="315" hits="0" branch="False" />
              </lines>
            </method>
            <method name="GetCanonicalString" signature="()" line-rate="0.38630000000000003" branch-rate="0.5897" complexity="39">
              <lines>
                <line number="325" hits="6" branch="False" />
                <line number="328" hits="6" branch="True" condition-coverage="100% (6/6)">
                  <conditions>
                    <condition number="19" type="jump" coverage="100%" />
                    <condition number="30" type="jump" coverage="100%" />
                    <condition number="48" type="jump" coverage="100%" />
                  </conditions>
                </line>
                <line number="330" hits="6" branch="False" />
                <line number="334" hits="6" branch="True" condition-coverage="100% (2/2)">
                  <conditions>
                    <condition number="79" type="jump" coverage="100%" />
                  </conditions>
                </line>
                <line number="336" hits="4" branch="False" />
                <line number="340" hits="2" branch="False" />
                <line number="341" hits="2" branch="False" />
                <line number="343" hits="852" branch="True" condition-coverage="100% (2/2)">
                  <conditions>
                    <condition number="437" type="jump" coverage="100%" />
                  </conditions>
                </line>
                <line number="345" hits="850" branch="True" condition-coverage="100% (4/4)">
                  <conditions>
                    <condition number="111" type="jump" coverage="100%" />
                    <condition number="125" type="jump" coverage="100%" />
                  </conditions>
                </line>
                <line number="347" hits="14" branch="False" />
                <line number="348" hits="14" branch="True" condition-coverage="33.33% (7/21)">
                  <conditions>
                    <condition number="145" type="jump" coverage="50%" />
                    <condition number="151" type="jump" coverage="0%" />
                    <condition number="157" type="jump" coverage="0%" />
                    <condition number="174" type="jump" coverage="50%" />
                    <condition number="180" type="jump" coverage="0%" />
                    <condition number="197" type="jump" coverage="50%" />
                    <condition number="163" type="jump" coverage="50%" />
                    <condition number="186" type="jump" coverage="50%" />
                    <condition number="204" type="switch" coverage="40%" />
                  </conditions>
                </line>
                <line number="351" hits="0" branch="False" />
                <line number="352" hits="0" branch="False" />
                <line number="353" hits="0" branch="False" />
                <line number="355" hits="0" branch="False" />
                <line number="356" hits="0" branch="False" />
                <line number="357" hits="0" branch="False" />
                <line number="359" hits="0" branch="False" />
                <line number="360" hits="0" branch="False" />
                <line number="361" hits="0" branch="False" />
                <line number="363" hits="0" branch="False" />
                <line number="364" hits="0" branch="False" />
                <line number="365" hits="0" branch="False" />
                <line number="367" hits="0" branch="False" />
                <line number="368" hits="0" branch="False" />
                <line number="369" hits="0" branch="False" />
                <line number="371" hits="14" branch="False" />
                <line number="372" hits="14" branch="False" />
                <line number="373" hits="14" branch="False" />
                <line number="375" hits="0" branch="False" />
                <line number="376" hits="0" branch="False" />
                <line number="377" hits="0" branch="False" />
                <line number="379" hits="0" branch="False" />
                <line number="380" hits="0" branch="False" />
                <line number="381" hits="0" branch="False" />
                <line number="382" hits="0" branch="True" condition-coverage="50% (1/2)">
                  <conditions>
                    <condition number="370" type="jump" coverage="50%" />
                  </conditions>
                </line>
                <line number="384" hits="0" branch="False" />
                <line number="385" hits="0" branch="True" condition-coverage="50% (1/2)">
                  <conditions>
                    <condition number="395" type="jump" coverage="50%" />
                  </conditions>
                </line>
                <line number="387" hits="0" branch="False" />
                <line number="388" hits="0" branch="False" />
                <line number="389" hits="0" branch="False" />
                <line number="396" hits="836" branch="False" />
                <line number="397" hits="836" branch="False" />
                <line number="400" hits="2" branch="False" />
              </lines>
            </method>
            <method name="AdvancePastPropertyName" signature="()" line-rate="0" branch-rate="1" complexity="1">
              <lines>
                <line number="406" hits="0" branch="False" />
              </lines>
            </method>
            <method name="StartObject" signature="(System.Text.Json.JsonElement)" line-rate="1" branch-rate="1" complexity="2">
              <lines>
                <line number="412" hits="4" branch="True" condition-coverage="100% (2/2)">
                  <conditions>
                    <condition number="6" type="jump" coverage="100%" />
                  </conditions>
                </line>
                <line number="414" hits="2" branch="False" />
                <line number="417" hits="4" branch="False" />
                <line number="418" hits="4" branch="False" />
              </lines>
            </method>
            <method name="EndObject" signature="()" line-rate="1" branch-rate="1" complexity="2">
              <lines>
                <line number="423" hits="4" branch="True" condition-coverage="100% (2/2)">
                  <conditions>
                    <condition number="13" type="jump" coverage="100%" />
                  </conditions>
                </line>
                <line number="424" hits="4" branch="False" />
              </lines>
            </method>
            <method name="StartArray" signature="(System.Text.Json.JsonElement)" line-rate="0" branch-rate="1" complexity="1">
              <lines>
                <line number="428" hits="0" branch="False" />
                <line number="429" hits="0" branch="False" />
              </lines>
            </method>
            <method name="TryGetNextArrayElement" signature="(System.Text.Json.JsonElement&amp;)" line-rate="0" branch-rate="0" complexity="4">
              <lines>
                <line number="433" hits="0" branch="False" />
                <line number="434" hits="0" branch="True" condition-coverage="0% (0/2)">
                  <conditions>
                    <condition number="18" type="jump" coverage="0%" />
                  </conditions>
                </line>
                <line number="436" hits="0" branch="False" />
                <line number="437" hits="0" branch="True" condition-coverage="0% (0/2)">
                  <conditions>
                    <condition number="40" type="jump" coverage="0%" />
                  </conditions>
                </line>
                <line number="439" hits="0" branch="False" />
                <line number="440" hits="0" branch="False" />
                <line number="441" hits="0" branch="False" />
                <line number="443" hits="0" branch="False" />
                <line number="444" hits="0" branch="False" />
                <line number="445" hits="0" branch="False" />
              </lines>
            </method>
            <method name="TryGetNextDictionaryKeyValue" signature="(System.Text.Json.JsonProperty&amp;)" line-rate="0" branch-rate="0" complexity="4">
              <lines>
                <line number="450" hits="0" branch="False" />
                <line number="451" hits="0" branch="True" condition-coverage="0% (0/2)">
                  <conditions>
                    <condition number="13" type="jump" coverage="0%" />
                  </conditions>
                </line>
                <line number="454" hits="0" branch="True" condition-coverage="0% (0/2)">
                  <conditions>
                    <condition number="28" type="jump" coverage="0%" />
                  </conditions>
                </line>
                <line number="456" hits="0" branch="False" />
                <line number="457" hits="0" branch="False" />
                <line number="458" hits="0" branch="False" />
                <line number="461" hits="0" branch="False" />
                <line number="462" hits="0" branch="False" />
              </lines>
            </method>
            <method name="GetCurrentDictionaryKey" signature="()" line-rate="0" branch-rate="0" complexity="4">
              <lines>
                <line number="467" hits="0" branch="True" condition-coverage="0% (0/4)">
                  <conditions>
                    <condition number="7" type="jump" coverage="0%" />
                    <condition number="18" type="jump" coverage="0%" />
                  </conditions>
                </line>
              </lines>
            </method>
            <method name=".ctor" signature="(System.String)" line-rate="0.9229999999999999" branch-rate="0.5" complexity="2">
              <lines>
                <line number="80" hits="2" branch="False" />
                <line number="82" hits="2" branch="True" condition-coverage="50% (1/2)">
                  <conditions>
                    <condition number="12" type="jump" coverage="50%" />
                  </conditions>
                </line>
                <line number="83" hits="0" branch="False" />
                <line number="85" hits="2" branch="False" />
                <line number="86" hits="2" branch="False" />
                <line number="87" hits="2" branch="False" />
                <line number="88" hits="2" branch="False" />
                <line number="89" hits="2" branch="False" />
                <line number="91" hits="2" branch="False" />
                <line number="92" hits="2" branch="False" />
                <line number="93" hits="2" branch="False" />
                <line number="94" hits="2" branch="False" />
                <line number="95" hits="2" branch="False" />
              </lines>
            </method>
          </methods>
          <lines>
            <line number="97" hits="0" branch="False" />
            <line number="101" hits="2" branch="True" condition-coverage="100% (2/2)">
              <conditions>
                <condition number="6" type="jump" coverage="100%" />
              </conditions>
            </line>
            <line number="103" hits="2" branch="True" condition-coverage="50% (1/2)">
              <conditions>
                <condition number="15" type="jump" coverage="50%" />
              </conditions>
            </line>
            <line number="104" hits="2" branch="False" />
            <line number="106" hits="2" branch="False" />
            <line number="110" hits="0" branch="False" />
            <line number="111" hits="0" branch="False" />
            <line number="114" hits="0" branch="False" />
            <line number="118" hits="0" branch="False" />
            <line number="119" hits="0" branch="False" />
            <line number="120" hits="0" branch="False" />
            <line number="121" hits="0" branch="False" />
            <line number="122" hits="0" branch="False" />
            <line number="124" hits="0" branch="False" />
            <line number="128" hits="0" branch="False" />
            <line number="129" hits="0" branch="True" condition-coverage="0% (0/2)">
              <conditions>
                <condition number="14" type="jump" coverage="0%" />
              </conditions>
            </line>
            <line number="130" hits="0" branch="False" />
            <line number="131" hits="0" branch="False" />
            <line number="134" hits="0" branch="False" />
            <line number="138" hits="0" branch="False" />
            <line number="139" hits="0" branch="False" />
            <line number="140" hits="0" branch="False" />
            <line number="143" hits="0" branch="False" />
            <line number="147" hits="0" branch="False" />
            <line number="148" hits="0" branch="False" />
            <line number="151" hits="0" branch="False" />
            <line number="155" hits="0" branch="False" />
            <line number="156" hits="0" branch="False" />
            <line number="159" hits="0" branch="False" />
            <line number="163" hits="0" branch="False" />
            <line number="164" hits="0" branch="False" />
            <line number="167" hits="0" branch="False" />
            <line number="171" hits="0" branch="False" />
            <line number="172" hits="0" branch="False" />
            <line number="175" hits="0" branch="False" />
            <line number="179" hits="0" branch="False" />
            <line number="180" hits="0" branch="False" />
            <line number="183" hits="0" branch="False" />
            <line number="187" hits="0" branch="False" />
            <line number="188" hits="0" branch="False" />
            <line number="191" hits="0" branch="False" />
            <line number="195" hits="0" branch="False" />
            <line number="196" hits="0" branch="False" />
            <line number="199" hits="0" branch="False" />
            <line number="203" hits="0" branch="True" condition-coverage="0% (0/2)">
              <conditions>
                <condition number="12" type="jump" coverage="0%" />
              </conditions>
            </line>
            <line number="205" hits="0" branch="False" />
            <line number="207" hits="0" branch="False" />
            <line number="212" hits="6" branch="True" condition-coverage="50% (1/2)">
              <conditions>
                <condition number="12" type="jump" coverage="50%" />
              </conditions>
            </line>
            <line number="213" hits="0" branch="False" />
            <line number="215" hits="6" branch="False" />
            <line number="216" hits="6" branch="False" />
            <line number="219" hits="6" branch="False" />
            <line number="223" hits="4" branch="True" condition-coverage="50% (1/2)">
              <conditions>
                <condition number="7" type="jump" coverage="50%" />
              </conditions>
            </line>
            <line number="225" hits="0" branch="False" />
            <line number="226" hits="0" branch="False" />
            <line number="228" hits="4" branch="True" condition-coverage="50% (1/2)">
              <conditions>
                <condition number="39" type="jump" coverage="50%" />
              </conditions>
            </line>
            <line number="230" hits="0" branch="False" />
            <line number="231" hits="0" branch="False" />
            <line number="235" hits="4" branch="False" />
            <line number="236" hits="4" branch="False" />
            <line number="242" hits="0" branch="False" />
            <line number="243" hits="0" branch="False" />
            <line number="246" hits="0" branch="False" />
            <line number="250" hits="0" branch="False" />
            <line number="251" hits="0" branch="False" />
            <line number="254" hits="0" branch="False" />
            <line number="258" hits="0" branch="False" />
            <line number="259" hits="0" branch="False" />
            <line number="262" hits="0" branch="False" />
            <line number="266" hits="0" branch="False" />
            <line number="267" hits="0" branch="False" />
            <line number="270" hits="0" branch="False" />
            <line number="274" hits="0" branch="False" />
            <line number="280" hits="0" branch="False" />
            <line number="284" hits="12" branch="False" />
            <line number="286" hits="12" branch="True" condition-coverage="50% (1/2)">
              <conditions>
                <condition number="9" type="jump" coverage="50%" />
              </conditions>
            </line>
            <line number="288" hits="0" branch="False" />
            <line number="291" hits="12" branch="True" condition-coverage="100% (2/2)">
              <conditions>
                <condition number="24" type="jump" coverage="100%" />
              </conditions>
            </line>
            <line number="293" hits="4" branch="False" />
            <line number="294" hits="4" branch="False" />
            <line number="297" hits="8" branch="False" />
            <line number="298" hits="8" branch="False" />
            <line number="300" hits="8" branch="False" />
            <line number="301" hits="8" branch="False" />
            <line number="303" hits="8" branch="False" />
            <line number="309" hits="30" branch="True" condition-coverage="50% (1/2)">
              <conditions>
                <condition number="33" type="jump" coverage="50%" />
              </conditions>
            </line>
            <line number="311" hits="10" branch="True" condition-coverage="50% (1/2)">
              <conditions>
                <condition number="22" type="jump" coverage="50%" />
              </conditions>
            </line>
            <line number="312" hits="10" branch="False" />
            <line number="315" hits="0" branch="False" />
            <line number="325" hits="6" branch="False" />
            <line number="328" hits="6" branch="True" condition-coverage="100% (6/6)">
              <conditions>
                <condition number="19" type="jump" coverage="100%" />
                <condition number="30" type="jump" coverage="100%" />
                <condition number="48" type="jump" coverage="100%" />
              </conditions>
            </line>
            <line number="330" hits="6" branch="False" />
            <line number="334" hits="6" branch="True" condition-coverage="100% (2/2)">
              <conditions>
                <condition number="79" type="jump" coverage="100%" />
              </conditions>
            </line>
            <line number="336" hits="4" branch="False" />
            <line number="340" hits="2" branch="False" />
            <line number="341" hits="2" branch="False" />
            <line number="343" hits="852" branch="True" condition-coverage="100% (2/2)">
              <conditions>
                <condition number="437" type="jump" coverage="100%" />
              </conditions>
            </line>
            <line number="345" hits="850" branch="True" condition-coverage="100% (4/4)">
              <conditions>
                <condition number="111" type="jump" coverage="100%" />
                <condition number="125" type="jump" coverage="100%" />
              </conditions>
            </line>
            <line number="347" hits="14" branch="False" />
            <line number="348" hits="14" branch="True" condition-coverage="33.33% (7/21)">
              <conditions>
                <condition number="145" type="jump" coverage="50%" />
                <condition number="151" type="jump" coverage="0%" />
                <condition number="157" type="jump" coverage="0%" />
                <condition number="174" type="jump" coverage="50%" />
                <condition number="180" type="jump" coverage="0%" />
                <condition number="197" type="jump" coverage="50%" />
                <condition number="163" type="jump" coverage="50%" />
                <condition number="186" type="jump" coverage="50%" />
                <condition number="204" type="switch" coverage="40%" />
              </conditions>
            </line>
            <line number="351" hits="0" branch="False" />
            <line number="352" hits="0" branch="False" />
            <line number="353" hits="0" branch="False" />
            <line number="355" hits="0" branch="False" />
            <line number="356" hits="0" branch="False" />
            <line number="357" hits="0" branch="False" />
            <line number="359" hits="0" branch="False" />
            <line number="360" hits="0" branch="False" />
            <line number="361" hits="0" branch="False" />
            <line number="363" hits="0" branch="False" />
            <line number="364" hits="0" branch="False" />
            <line number="365" hits="0" branch="False" />
            <line number="367" hits="0" branch="False" />
            <line number="368" hits="0" branch="False" />
            <line number="369" hits="0" branch="False" />
            <line number="371" hits="14" branch="False" />
            <line number="372" hits="14" branch="False" />
            <line number="373" hits="14" branch="False" />
            <line number="375" hits="0" branch="False" />
            <line number="376" hits="0" branch="False" />
            <line number="377" hits="0" branch="False" />
            <line number="379" hits="0" branch="False" />
            <line number="380" hits="0" branch="False" />
            <line number="381" hits="0" branch="False" />
            <line number="382" hits="0" branch="True" condition-coverage="50% (1/2)">
              <conditions>
                <condition number="370" type="jump" coverage="50%" />
              </conditions>
            </line>
            <line number="384" hits="0" branch="False" />
            <line number="385" hits="0" branch="True" condition-coverage="50% (1/2)">
              <conditions>
                <condition number="395" type="jump" coverage="50%" />
              </conditions>
            </line>
            <line number="387" hits="0" branch="False" />
            <line number="388" hits="0" branch="False" />
            <line number="389" hits="0" branch="False" />
            <line number="396" hits="836" branch="False" />
            <line number="397" hits="836" branch="False" />
            <line number="400" hits="2" branch="False" />
            <line number="406" hits="0" branch="False" />
            <line number="412" hits="4" branch="True" condition-coverage="100% (2/2)">
              <conditions>
                <condition number="6" type="jump" coverage="100%" />
              </conditions>
            </line>
            <line number="414" hits="2" branch="False" />
            <line number="417" hits="4" branch="False" />
            <line number="418" hits="4" branch="False" />
            <line number="423" hits="4" branch="True" condition-coverage="100% (2/2)">
              <conditions>
                <condition number="13" type="jump" coverage="100%" />
              </conditions>
            </line>
            <line number="424" hits="4" branch="False" />
            <line number="428" hits="0" branch="False" />
            <line number="429" hits="0" branch="False" />
            <line number="433" hits="0" branch="False" />
            <line number="434" hits="0" branch="True" condition-coverage="0% (0/2)">
              <conditions>
                <condition number="18" type="jump" coverage="0%" />
              </conditions>
            </line>
            <line number="436" hits="0" branch="False" />
            <line number="437" hits="0" branch="True" condition-coverage="0% (0/2)">
              <conditions>
                <condition number="40" type="jump" coverage="0%" />
              </conditions>
            </line>
            <line number="439" hits="0" branch="False" />
            <line number="440" hits="0" branch="False" />
            <line number="441" hits="0" branch="False" />
            <line number="443" hits="0" branch="False" />
            <line number="444" hits="0" branch="False" />
            <line number="445" hits="0" branch="False" />
            <line number="450" hits="0" branch="False" />
            <line number="451" hits="0" branch="True" condition-coverage="0% (0/2)">
              <conditions>
                <condition number="13" type="jump" coverage="0%" />
              </conditions>
            </line>
            <line number="454" hits="0" branch="True" condition-coverage="0% (0/2)">
              <conditions>
                <condition number="28" type="jump" coverage="0%" />
              </conditions>
            </line>
            <line number="456" hits="0" branch="False" />
            <line number="457" hits="0" branch="False" />
            <line number="458" hits="0" branch="False" />
            <line number="461" hits="0" branch="False" />
            <line number="462" hits="0" branch="False" />
            <line number="467" hits="0" branch="True" condition-coverage="0% (0/4)">
              <conditions>
                <condition number="7" type="jump" coverage="0%" />
                <condition number="18" type="jump" coverage="0%" />
              </conditions>
            </line>
            <line number="80" hits="2" branch="False" />
            <line number="82" hits="2" branch="True" condition-coverage="50% (1/2)">
              <conditions>
                <condition number="12" type="jump" coverage="50%" />
              </conditions>
            </line>
            <line number="83" hits="0" branch="False" />
            <line number="85" hits="2" branch="False" />
            <line number="86" hits="2" branch="False" />
            <line number="87" hits="2" branch="False" />
            <line number="88" hits="2" branch="False" />
            <line number="89" hits="2" branch="False" />
            <line number="91" hits="2" branch="False" />
            <line number="92" hits="2" branch="False" />
            <line number="93" hits="2" branch="False" />
            <line number="94" hits="2" branch="False" />
            <line number="95" hits="2" branch="False" />
          </lines>
        </class>
        <class name="CanonicalJson.CanonicalJsonSerdeReader/ObjectEnumeratorState" filename="CanonicalJson/CanonicalJsonDeserializer.cs" line-rate="0.8332999999999999" branch-rate="0.75" complexity="8">
          <methods>
            <method name="get_Enumerator" signature="()" line-rate="1" branch-rate="1" complexity="1">
              <lines>
                <line number="31" hits="24" branch="False" />
              </lines>
            </method>
            <method name="TryMoveNext" signature="()" line-rate="1" branch-rate="1" complexity="2">
              <lines>
                <line number="41" hits="16" branch="True" condition-coverage="100% (2/2)">
                  <conditions>
                    <condition number="16" type="jump" coverage="100%" />
                  </conditions>
                </line>
                <line number="42" hits="8" branch="False" />
                <line number="43" hits="8" branch="False" />
              </lines>
            </method>
            <method name="get_Current" signature="()" line-rate="1" branch-rate="0.5" complexity="2">
              <lines>
                <line number="50" hits="8" branch="True" condition-coverage="50% (1/2)">
                  <conditions>
                    <condition number="7" type="jump" coverage="50%" />
                  </conditions>
                </line>
                <line number="51" hits="8" branch="False" />
              </lines>
            </method>
            <method name="get_HasValue" signature="()" line-rate="0" branch-rate="1" complexity="1">
              <lines>
                <line number="55" hits="0" branch="False" />
              </lines>
            </method>
            <method name="get_IsFinished" signature="()" line-rate="0" branch-rate="1" complexity="1">
              <lines>
                <line number="56" hits="0" branch="False" />
              </lines>
            </method>
            <method name=".ctor" signature="(System.Text.Json.JsonElement)" line-rate="1" branch-rate="1" complexity="1">
              <lines>
                <line number="32" hits="4" branch="False" />
                <line number="34" hits="4" branch="False" />
                <line number="36" hits="4" branch="False" />
                <line number="37" hits="4" branch="False" />
              </lines>
            </method>
          </methods>
          <lines>
            <line number="31" hits="24" branch="False" />
            <line number="41" hits="16" branch="True" condition-coverage="100% (2/2)">
              <conditions>
                <condition number="16" type="jump" coverage="100%" />
              </conditions>
            </line>
            <line number="42" hits="8" branch="False" />
            <line number="43" hits="8" branch="False" />
            <line number="50" hits="8" branch="True" condition-coverage="50% (1/2)">
              <conditions>
                <condition number="7" type="jump" coverage="50%" />
              </conditions>
            </line>
            <line number="51" hits="8" branch="False" />
            <line number="55" hits="0" branch="False" />
            <line number="56" hits="0" branch="False" />
            <line number="32" hits="4" branch="False" />
            <line number="34" hits="4" branch="False" />
            <line number="36" hits="4" branch="False" />
            <line number="37" hits="4" branch="False" />
          </lines>
        </class>
        <class name="CanonicalJson.CanonicalJsonSerdeReader/ArrayEnumeratorState" filename="CanonicalJson/CanonicalJsonDeserializer.cs" line-rate="0" branch-rate="0" complexity="6">
          <methods>
            <method name="get_Enumerator" signature="()" line-rate="0" branch-rate="1" complexity="1">
              <lines>
                <line number="61" hits="0" branch="False" />
              </lines>
            </method>
            <method name="get_HasMoreElements" signature="()" line-rate="0" branch-rate="1" complexity="1">
              <lines>
                <line number="62" hits="0" branch="False" />
              </lines>
            </method>
            <method name="MoveNext" signature="()" line-rate="0" branch-rate="0" complexity="2">
              <lines>
                <line number="72" hits="0" branch="True" condition-coverage="0% (0/2)">
                  <conditions>
                    <condition number="16" type="jump" coverage="0%" />
                  </conditions>
                </line>
                <line number="73" hits="0" branch="False" />
                <line number="74" hits="0" branch="False" />
              </lines>
            </method>
            <method name="get_Current" signature="()" line-rate="0" branch-rate="1" complexity="1">
              <lines>
                <line number="77" hits="0" branch="False" />
              </lines>
            </method>
            <method name=".ctor" signature="(System.Text.Json.JsonElement)" line-rate="0" branch-rate="1" complexity="1">
              <lines>
                <line number="63" hits="0" branch="False" />
                <line number="65" hits="0" branch="False" />
                <line number="67" hits="0" branch="False" />
                <line number="68" hits="0" branch="False" />
              </lines>
            </method>
          </methods>
          <lines>
            <line number="61" hits="0" branch="False" />
            <line number="62" hits="0" branch="False" />
            <line number="72" hits="0" branch="True" condition-coverage="0% (0/2)">
              <conditions>
                <condition number="16" type="jump" coverage="0%" />
              </conditions>
            </line>
            <line number="73" hits="0" branch="False" />
            <line number="74" hits="0" branch="False" />
            <line number="77" hits="0" branch="False" />
            <line number="63" hits="0" branch="False" />
            <line number="65" hits="0" branch="False" />
            <line number="67" hits="0" branch="False" />
            <line number="68" hits="0" branch="False" />
          </lines>
        </class>
        <class name="CanonicalJson.ObjectTypeDeserializer" filename="CanonicalJson/CanonicalJsonDeserializer.cs" line-rate="0.43329999999999996" branch-rate="1" complexity="24">
          <methods>
            <method name="get_SizeOpt" signature="()" line-rate="0" branch-rate="1" complexity="1">
              <lines>
                <line number="486" hits="0" branch="False" />
              </lines>
            </method>
            <method name="TryReadIndex" signature="(Serde.ISerdeInfo,System.String&amp;)" line-rate="1" branch-rate="1" complexity="4">
              <lines>
                <line number="490" hits="12" branch="True" condition-coverage="100% (2/2)">
                  <conditions>
                    <condition number="6" type="jump" coverage="100%" />
                  </conditions>
                </line>
                <line number="492" hits="4" branch="False" />
                <line number="493" hits="4" branch="False" />
                <line number="496" hits="12" branch="False" />
                <line number="498" hits="12" branch="True" condition-coverage="100% (2/2)">
                  <conditions>
                    <condition number="52" type="jump" coverage="100%" />
                  </conditions>
                </line>
                <line number="500" hits="4" branch="False" />
                <line number="503" hits="12" branch="False" />
              </lines>
            </method>
            <method name="ReadValue" signature="(Serde.ISerdeInfo,System.Int32,Serde.IDeserialize`1&lt;T&gt;)" line-rate="1" branch-rate="1" complexity="1">
              <lines>
                <line number="508" hits="2" branch="False" />
              </lines>
            </method>
            <method name="SkipValue" signature="(Serde.ISerdeInfo,System.Int32)" line-rate="0" branch-rate="1" complexity="1">
              <lines>
                <line number="514" hits="0" branch="False" />
              </lines>
            </method>
            <method name="ReadBool" signature="(Serde.ISerdeInfo,System.Int32)" line-rate="0" branch-rate="1" complexity="1">
              <lines>
                <line number="517" hits="0" branch="False" />
              </lines>
            </method>
            <method name="ReadChar" signature="(Serde.ISerdeInfo,System.Int32)" line-rate="0" branch-rate="1" complexity="1">
              <lines>
                <line number="518" hits="0" branch="False" />
              </lines>
            </method>
            <method name="ReadU8" signature="(Serde.ISerdeInfo,System.Int32)" line-rate="0" branch-rate="1" complexity="1">
              <lines>
                <line number="519" hits="0" branch="False" />
              </lines>
            </method>
            <method name="ReadU16" signature="(Serde.ISerdeInfo,System.Int32)" line-rate="0" branch-rate="1" complexity="1">
              <lines>
                <line number="520" hits="0" branch="False" />
              </lines>
            </method>
            <method name="ReadU32" signature="(Serde.ISerdeInfo,System.Int32)" line-rate="0" branch-rate="1" complexity="1">
              <lines>
                <line number="521" hits="0" branch="False" />
              </lines>
            </method>
            <method name="ReadU64" signature="(Serde.ISerdeInfo,System.Int32)" line-rate="0" branch-rate="1" complexity="1">
              <lines>
                <line number="522" hits="0" branch="False" />
              </lines>
            </method>
            <method name="ReadI8" signature="(Serde.ISerdeInfo,System.Int32)" line-rate="0" branch-rate="1" complexity="1">
              <lines>
                <line number="523" hits="0" branch="False" />
              </lines>
            </method>
            <method name="ReadI16" signature="(Serde.ISerdeInfo,System.Int32)" line-rate="0" branch-rate="1" complexity="1">
              <lines>
                <line number="524" hits="0" branch="False" />
              </lines>
            </method>
            <method name="ReadI32" signature="(Serde.ISerdeInfo,System.Int32)" line-rate="0" branch-rate="1" complexity="1">
              <lines>
                <line number="525" hits="0" branch="False" />
              </lines>
            </method>
            <method name="ReadI64" signature="(Serde.ISerdeInfo,System.Int32)" line-rate="0" branch-rate="1" complexity="1">
              <lines>
                <line number="526" hits="0" branch="False" />
              </lines>
            </method>
            <method name="ReadF32" signature="(Serde.ISerdeInfo,System.Int32)" line-rate="0" branch-rate="1" complexity="1">
              <lines>
                <line number="527" hits="0" branch="False" />
              </lines>
            </method>
            <method name="ReadF64" signature="(Serde.ISerdeInfo,System.Int32)" line-rate="0" branch-rate="1" complexity="1">
              <lines>
                <line number="528" hits="0" branch="False" />
              </lines>
            </method>
            <method name="ReadDecimal" signature="(Serde.ISerdeInfo,System.Int32)" line-rate="0" branch-rate="1" complexity="1">
              <lines>
                <line number="529" hits="0" branch="False" />
              </lines>
            </method>
            <method name="ReadString" signature="(Serde.ISerdeInfo,System.Int32)" line-rate="1" branch-rate="1" complexity="1">
              <lines>
                <line number="530" hits="6" branch="False" />
              </lines>
            </method>
            <method name="ReadDateTime" signature="(Serde.ISerdeInfo,System.Int32)" line-rate="0" branch-rate="1" complexity="1">
              <lines>
                <line number="531" hits="0" branch="False" />
              </lines>
            </method>
            <method name="ReadBytes" signature="(Serde.ISerdeInfo,System.Int32,System.Buffers.IBufferWriter`1&lt;System.Byte&gt;)" line-rate="0" branch-rate="1" complexity="1">
              <lines>
                <line number="532" hits="0" branch="False" />
              </lines>
            </method>
            <method name=".ctor" signature="(CanonicalJson.CanonicalJsonSerdeReader,Serde.ISerdeInfo)" line-rate="1" branch-rate="1" complexity="1">
              <lines>
                <line number="480" hits="4" branch="False" />
                <line number="482" hits="4" branch="False" />
                <line number="483" hits="4" branch="False" />
                <line number="484" hits="4" branch="False" />
              </lines>
            </method>
          </methods>
          <lines>
            <line number="486" hits="0" branch="False" />
            <line number="490" hits="12" branch="True" condition-coverage="100% (2/2)">
              <conditions>
                <condition number="6" type="jump" coverage="100%" />
              </conditions>
            </line>
            <line number="492" hits="4" branch="False" />
            <line number="493" hits="4" branch="False" />
            <line number="496" hits="12" branch="False" />
            <line number="498" hits="12" branch="True" condition-coverage="100% (2/2)">
              <conditions>
                <condition number="52" type="jump" coverage="100%" />
              </conditions>
            </line>
            <line number="500" hits="4" branch="False" />
            <line number="503" hits="12" branch="False" />
            <line number="508" hits="2" branch="False" />
            <line number="514" hits="0" branch="False" />
            <line number="517" hits="0" branch="False" />
            <line number="518" hits="0" branch="False" />
            <line number="519" hits="0" branch="False" />
            <line number="520" hits="0" branch="False" />
            <line number="521" hits="0" branch="False" />
            <line number="522" hits="0" branch="False" />
            <line number="523" hits="0" branch="False" />
            <line number="524" hits="0" branch="False" />
            <line number="525" hits="0" branch="False" />
            <line number="526" hits="0" branch="False" />
            <line number="527" hits="0" branch="False" />
            <line number="528" hits="0" branch="False" />
            <line number="529" hits="0" branch="False" />
            <line number="530" hits="6" branch="False" />
            <line number="531" hits="0" branch="False" />
            <line number="532" hits="0" branch="False" />
            <line number="480" hits="4" branch="False" />
            <line number="482" hits="4" branch="False" />
            <line number="483" hits="4" branch="False" />
            <line number="484" hits="4" branch="False" />
          </lines>
        </class>
        <class name="CanonicalJson.DictionaryTypeDeserializer" filename="CanonicalJson/CanonicalJsonDeserializer.cs" line-rate="0" branch-rate="0" complexity="51">
          <methods>
            <method name="get_SizeOpt" signature="()" line-rate="0" branch-rate="1" complexity="1">
              <lines>
                <line number="553" hits="0" branch="False" />
              </lines>
            </method>
            <method name="TryReadIndex" signature="(Serde.ISerdeInfo,System.String&amp;)" line-rate="0" branch-rate="0" complexity="8">
              <lines>
                <line number="557" hits="0" branch="False" />
                <line number="559" hits="0" branch="True" condition-coverage="0% (0/2)">
                  <conditions>
                    <condition number="9" type="jump" coverage="0%" />
                  </conditions>
                </line>
                <line number="561" hits="0" branch="False" />
                <line number="562" hits="0" branch="False" />
                <line number="565" hits="0" branch="True" condition-coverage="0% (0/2)">
                  <conditions>
                    <condition number="53" type="jump" coverage="0%" />
                  </conditions>
                </line>
                <line number="567" hits="0" branch="False" />
                <line number="568" hits="0" branch="False" />
                <line number="571" hits="0" branch="False" />
                <line number="572" hits="0" branch="False" />
                <line number="575" hits="0" branch="True" condition-coverage="0% (0/2)">
                  <conditions>
                    <condition number="83" type="jump" coverage="0%" />
                  </conditions>
                </line>
                <line number="578" hits="0" branch="False" />
                <line number="579" hits="0" branch="False" />
                <line number="584" hits="0" branch="True" condition-coverage="0% (0/2)">
                  <conditions>
                    <condition number="107" type="jump" coverage="0%" />
                  </conditions>
                </line>
                <line number="586" hits="0" branch="False" />
                <line number="587" hits="0" branch="False" />
                <line number="590" hits="0" branch="False" />
                <line number="591" hits="0" branch="False" />
              </lines>
            </method>
            <method name="ReadValue" signature="(Serde.ISerdeInfo,System.Int32,Serde.IDeserialize`1&lt;T&gt;)" line-rate="0" branch-rate="0" complexity="2">
              <lines>
                <line number="598" hits="0" branch="True" condition-coverage="0% (0/2)">
                  <conditions>
                    <condition number="6" type="jump" coverage="0%" />
                  </conditions>
                </line>
                <line number="600" hits="0" branch="False" />
                <line number="603" hits="0" branch="False" />
              </lines>
            </method>
            <method name="SkipValue" signature="(Serde.ISerdeInfo,System.Int32)" line-rate="0" branch-rate="1" complexity="1">
              <lines>
                <line number="609" hits="0" branch="False" />
              </lines>
            </method>
            <method name="ReadString" signature="(Serde.ISerdeInfo,System.Int32)" line-rate="0" branch-rate="0" complexity="4">
              <lines>
                <line number="614" hits="0" branch="True" condition-coverage="0% (0/2)">
                  <conditions>
                    <condition number="6" type="jump" coverage="0%" />
                  </conditions>
                </line>
                <line number="617" hits="0" branch="False" />
                <line number="618" hits="0" branch="True" condition-coverage="0% (0/2)">
                  <conditions>
                    <condition number="20" type="jump" coverage="0%" />
                  </conditions>
                </line>
                <line number="620" hits="0" branch="False" />
                <line number="622" hits="0" branch="False" />
                <line number="627" hits="0" branch="False" />
              </lines>
            </method>
            <method name="ReadBool" signature="(Serde.ISerdeInfo,System.Int32)" line-rate="0" branch-rate="0" complexity="2">
              <lines>
                <line number="634" hits="0" branch="True" condition-coverage="0% (0/2)">
                  <conditions>
                    <condition number="6" type="jump" coverage="0%" />
                  </conditions>
                </line>
                <line number="636" hits="0" branch="False" />
                <line number="638" hits="0" branch="False" />
              </lines>
            </method>
            <method name="ReadChar" signature="(Serde.ISerdeInfo,System.Int32)" line-rate="0" branch-rate="0" complexity="6">
              <lines>
                <line number="643" hits="0" branch="True" condition-coverage="0% (0/2)">
                  <conditions>
                    <condition number="6" type="jump" coverage="0%" />
                  </conditions>
                </line>
                <line number="645" hits="0" branch="False" />
                <line number="646" hits="0" branch="True" condition-coverage="0% (0/4)">
                  <conditions>
                    <condition number="21" type="jump" coverage="0%" />
                    <condition number="30" type="jump" coverage="0%" />
                  </conditions>
                </line>
                <line number="648" hits="0" branch="False" />
                <line number="650" hits="0" branch="False" />
                <line number="652" hits="0" branch="False" />
              </lines>
            </method>
            <method name="ReadU8" signature="(Serde.ISerdeInfo,System.Int32)" line-rate="0" branch-rate="0" complexity="2">
              <lines>
                <line number="657" hits="0" branch="True" condition-coverage="0% (0/2)">
                  <conditions>
                    <condition number="6" type="jump" coverage="0%" />
                  </conditions>
                </line>
                <line number="659" hits="0" branch="False" />
                <line number="661" hits="0" branch="False" />
              </lines>
            </method>
            <method name="ReadU16" signature="(Serde.ISerdeInfo,System.Int32)" line-rate="0" branch-rate="0" complexity="2">
              <lines>
                <line number="666" hits="0" branch="True" condition-coverage="0% (0/2)">
                  <conditions>
                    <condition number="6" type="jump" coverage="0%" />
                  </conditions>
                </line>
                <line number="668" hits="0" branch="False" />
                <line number="670" hits="0" branch="False" />
              </lines>
            </method>
            <method name="ReadU32" signature="(Serde.ISerdeInfo,System.Int32)" line-rate="0" branch-rate="0" complexity="2">
              <lines>
                <line number="675" hits="0" branch="True" condition-coverage="0% (0/2)">
                  <conditions>
                    <condition number="6" type="jump" coverage="0%" />
                  </conditions>
                </line>
                <line number="677" hits="0" branch="False" />
                <line number="679" hits="0" branch="False" />
              </lines>
            </method>
            <method name="ReadU64" signature="(Serde.ISerdeInfo,System.Int32)" line-rate="0" branch-rate="0" complexity="2">
              <lines>
                <line number="684" hits="0" branch="True" condition-coverage="0% (0/2)">
                  <conditions>
                    <condition number="6" type="jump" coverage="0%" />
                  </conditions>
                </line>
                <line number="686" hits="0" branch="False" />
                <line number="688" hits="0" branch="False" />
              </lines>
            </method>
            <method name="ReadI8" signature="(Serde.ISerdeInfo,System.Int32)" line-rate="0" branch-rate="0" complexity="2">
              <lines>
                <line number="693" hits="0" branch="True" condition-coverage="0% (0/2)">
                  <conditions>
                    <condition number="6" type="jump" coverage="0%" />
                  </conditions>
                </line>
                <line number="695" hits="0" branch="False" />
                <line number="697" hits="0" branch="False" />
              </lines>
            </method>
            <method name="ReadI16" signature="(Serde.ISerdeInfo,System.Int32)" line-rate="0" branch-rate="0" complexity="2">
              <lines>
                <line number="702" hits="0" branch="True" condition-coverage="0% (0/2)">
                  <conditions>
                    <condition number="6" type="jump" coverage="0%" />
                  </conditions>
                </line>
                <line number="704" hits="0" branch="False" />
                <line number="706" hits="0" branch="False" />
              </lines>
            </method>
            <method name="ReadI32" signature="(Serde.ISerdeInfo,System.Int32)" line-rate="0" branch-rate="0" complexity="2">
              <lines>
                <line number="711" hits="0" branch="True" condition-coverage="0% (0/2)">
                  <conditions>
                    <condition number="6" type="jump" coverage="0%" />
                  </conditions>
                </line>
                <line number="713" hits="0" branch="False" />
                <line number="715" hits="0" branch="False" />
              </lines>
            </method>
            <method name="ReadI64" signature="(Serde.ISerdeInfo,System.Int32)" line-rate="0" branch-rate="0" complexity="2">
              <lines>
                <line number="720" hits="0" branch="True" condition-coverage="0% (0/2)">
                  <conditions>
                    <condition number="6" type="jump" coverage="0%" />
                  </conditions>
                </line>
                <line number="722" hits="0" branch="False" />
                <line number="724" hits="0" branch="False" />
              </lines>
            </method>
            <method name="ReadF32" signature="(Serde.ISerdeInfo,System.Int32)" line-rate="0" branch-rate="0" complexity="2">
              <lines>
                <line number="729" hits="0" branch="True" condition-coverage="0% (0/2)">
                  <conditions>
                    <condition number="6" type="jump" coverage="0%" />
                  </conditions>
                </line>
                <line number="731" hits="0" branch="False" />
                <line number="733" hits="0" branch="False" />
              </lines>
            </method>
            <method name="ReadF64" signature="(Serde.ISerdeInfo,System.Int32)" line-rate="0" branch-rate="0" complexity="2">
              <lines>
                <line number="738" hits="0" branch="True" condition-coverage="0% (0/2)">
                  <conditions>
                    <condition number="6" type="jump" coverage="0%" />
                  </conditions>
                </line>
                <line number="740" hits="0" branch="False" />
                <line number="742" hits="0" branch="False" />
              </lines>
            </method>
            <method name="ReadDecimal" signature="(Serde.ISerdeInfo,System.Int32)" line-rate="0" branch-rate="0" complexity="2">
              <lines>
                <line number="747" hits="0" branch="True" condition-coverage="0% (0/2)">
                  <conditions>
                    <condition number="6" type="jump" coverage="0%" />
                  </conditions>
                </line>
                <line number="749" hits="0" branch="False" />
                <line number="751" hits="0" branch="False" />
              </lines>
            </method>
            <method name="ReadDateTime" signature="(Serde.ISerdeInfo,System.Int32)" line-rate="0" branch-rate="0" complexity="2">
              <lines>
                <line number="756" hits="0" branch="True" condition-coverage="0% (0/2)">
                  <conditions>
                    <condition number="6" type="jump" coverage="0%" />
                  </conditions>
                </line>
                <line number="758" hits="0" branch="False" />
                <line number="760" hits="0" branch="False" />
              </lines>
            </method>
            <method name="ReadBytes" signature="(Serde.ISerdeInfo,System.Int32,System.Buffers.IBufferWriter`1&lt;System.Byte&gt;)" line-rate="0" branch-rate="0" complexity="2">
              <lines>
                <line number="765" hits="0" branch="True" condition-coverage="0% (0/2)">
                  <conditions>
                    <condition number="6" type="jump" coverage="0%" />
                  </conditions>
                </line>
                <line number="767" hits="0" branch="False" />
                <line number="769" hits="0" branch="False" />
                <line number="770" hits="0" branch="False" />
              </lines>
            </method>
[...]
              </lines>
            </method>
            <method name=".ctor" signature="(System.String,System.Exception,System.String,System.String)" line-rate="1" branch-rate="1" complexity="1">
              <lines>
                <line number="30" hits="1" branch="False" />
                <line number="32" hits="1" branch="False" />
                <line number="33" hits="1" branch="False" />
                <line number="34" hits="1" branch="False" />
              </lines>
            </method>
          </methods>
          <lines>
            <line number="19" hits="3" branch="False" />
            <line number="20" hits="2" branch="False" />
            <line number="23" hits="4" branch="False" />
            <line number="25" hits="4" branch="False" />
            <line number="26" hits="4" branch="False" />
            <line number="27" hits="4" branch="False" />
            <line number="30" hits="1" branch="False" />
            <line number="32" hits="1" branch="False" />
            <line number="33" hits="1" branch="False" />
            <line number="34" hits="1" branch="False" />
          </lines>
        </class>
        <class name="TUF.Exceptions.MetadataValidationException" filename="TUF/Exceptions.cs" line-rate="1" branch-rate="1" complexity="3">
          <methods>
            <method name="get_MetadataType" signature="()" line-rate="1" branch-rate="1" complexity="1">
              <lines>
                <line number="42" hits="2" branch="False" />
              </lines>
            </method>
            <method name="get_ValidationRule" signature="()" line-rate="1" branch-rate="1" complexity="1">
              <lines>
                <line number="43" hits="1" branch="False" />
              </lines>
            </method>
            <method name=".ctor" signature="(System.String,System.String,System.String)" line-rate="1" branch-rate="1" complexity="1">
              <lines>
                <line number="46" hits="3" branch="False" />
                <line number="48" hits="3" branch="False" />
                <line number="49" hits="3" branch="False" />
                <line number="50" hits="3" branch="False" />
              </lines>
            </method>
          </methods>
          <lines>
            <line number="42" hits="2" branch="False" />
            <line number="43" hits="1" branch="False" />
            <line number="46" hits="3" branch="False" />
            <line number="48" hits="3" branch="False" />
            <line number="49" hits="3" branch="False" />
            <line number="50" hits="3" branch="False" />
          </lines>
        </class>
        <class name="TUF.Exceptions.SignatureVerificationException" filename="TUF/Exceptions.cs" line-rate="1" branch-rate="1" complexity="3">
          <methods>
            <method name="get_KeyId" signature="()" line-rate="1" branch-rate="1" complexity="1">
              <lines>
                <line number="58" hits="3" branch="False" />
              </lines>
            </method>
            <method name="get_MetadataType" signature="()" line-rate="1" branch-rate="1" complexity="1">
              <lines>
                <line number="59" hits="3" branch="False" />
              </lines>
            </method>
            <method name=".ctor" signature="(System.String,System.String,System.String)" line-rate="1" branch-rate="1" complexity="1">
              <lines>
                <line number="62" hits="5" branch="False" />
                <line number="64" hits="5" branch="False" />
                <line number="65" hits="5" branch="False" />
                <line number="66" hits="5" branch="False" />
              </lines>
            </method>
          </methods>
          <lines>
            <line number="58" hits="3" branch="False" />
            <line number="59" hits="3" branch="False" />
            <line number="62" hits="5" branch="False" />
            <line number="64" hits="5" branch="False" />
            <line number="65" hits="5" branch="False" />
            <line number="66" hits="5" branch="False" />
          </lines>
        </class>
        <class name="TUF.Exceptions.InsufficientSignaturesException" filename="TUF/Exceptions.cs" line-rate="1" branch-rate="1" complexity="5">
          <methods>
            <method name="get_RequiredSignatures" signature="()" line-rate="1" branch-rate="1" complexity="1">
              <lines>
                <line number="74" hits="3" branch="False" />
              </lines>
            </method>
            <method name="get_ValidSignatures" signature="()" line-rate="1" branch-rate="1" complexity="1">
              <lines>
                <line number="75" hits="3" branch="False" />
              </lines>
            </method>
            <method name="get_RoleName" signature="()" line-rate="1" branch-rate="1" complexity="1">
              <lines>
                <line number="76" hits="3" branch="False" />
              </lines>
            </method>
            <method name=".ctor" signature="(System.Int32,System.Int32,System.String)" line-rate="1" branch-rate="1" complexity="2">
              <lines>
                <line number="79" hits="4" branch="True" condition-coverage="100% (2/2)">
                  <conditions>
                    <condition number="71" type="jump" coverage="100%" />
                  </conditions>
                </line>
                <line number="81" hits="4" branch="False" />
                <line number="82" hits="4" branch="False" />
                <line number="83" hits="4" branch="False" />
                <line number="84" hits="4" branch="False" />
              </lines>
            </method>
          </methods>
          <lines>
            <line number="74" hits="3" branch="False" />
            <line number="75" hits="3" branch="False" />
            <line number="76" hits="3" branch="False" />
            <line number="79" hits="4" branch="True" condition-coverage="100% (2/2)">
              <conditions>
                <condition number="71" type="jump" coverage="100%" />
              </conditions>
            </line>
            <line number="81" hits="4" branch="False" />
            <line number="82" hits="4" branch="False" />
            <line number="83" hits="4" branch="False" />
            <line number="84" hits="4" branch="False" />
          </lines>
        </class>
        <class name="TUF.Exceptions.ExpiredMetadataException" filename="TUF/Exceptions.cs" line-rate="1" branch-rate="1" complexity="3">
          <methods>
            <method name="get_MetadataType" signature="()" line-rate="1" branch-rate="1" complexity="1">
              <lines>
                <line number="92" hits="2" branch="False" />
              </lines>
            </method>
            <method name="get_ExpiryTime" signature="()" line-rate="1" branch-rate="1" complexity="1">
              <lines>
                <line number="93" hits="2" branch="False" />
              </lines>
            </method>
            <method name=".ctor" signature="(System.String,System.String,System.Nullable`1&lt;System.DateTime&gt;)" line-rate="1" branch-rate="1" complexity="1">
              <lines>
                <line number="96" hits="3" branch="False" />
                <line number="98" hits="3" branch="False" />
                <line number="99" hits="3" branch="False" />
                <line number="100" hits="3" branch="False" />
              </lines>
            </method>
          </methods>
          <lines>
            <line number="92" hits="2" branch="False" />
            <line number="93" hits="2" branch="False" />
            <line number="96" hits="3" branch="False" />
            <line number="98" hits="3" branch="False" />
            <line number="99" hits="3" branch="False" />
            <line number="100" hits="3" branch="False" />
          </lines>
        </class>
        <class name="TUF.Exceptions.RollbackAttackException" filename="TUF/Exceptions.cs" line-rate="1" branch-rate="1" complexity="4">
          <methods>
            <method name="get_MetadataType" signature="()" line-rate="1" branch-rate="1" complexity="1">
              <lines>
                <line number="108" hits="5" branch="False" />
              </lines>
            </method>
            <method name="get_ExpectedVersion" signature="()" line-rate="1" branch-rate="1" complexity="1">
              <lines>
                <line number="109" hits="5" branch="False" />
              </lines>
            </method>
            <method name="get_ActualVersion" signature="()" line-rate="1" branch-rate="1" complexity="1">
              <lines>
                <line number="110" hits="5" branch="False" />
              </lines>
            </method>
            <method name=".ctor" signature="(System.String,System.Int32,System.Int32)" line-rate="1" branch-rate="1" complexity="1">
              <lines>
                <line number="113" hits="6" branch="False" />
                <line number="115" hits="6" branch="False" />
                <line number="116" hits="6" branch="False" />
                <line number="117" hits="6" branch="False" />
                <line number="118" hits="6" branch="False" />
              </lines>
            </method>
          </methods>
          <lines>
            <line number="108" hits="5" branch="False" />
            <line number="109" hits="5" branch="False" />
            <line number="110" hits="5" branch="False" />
            <line number="113" hits="6" branch="False" />
            <line number="115" hits="6" branch="False" />
            <line number="116" hits="6" branch="False" />
            <line number="117" hits="6" branch="False" />
            <line number="118" hits="6" branch="False" />
          </lines>
        </class>
        <class name="TUF.Exceptions.TargetNotFoundException" filename="TUF/Exceptions.cs" line-rate="1" branch-rate="1" complexity="2">
          <methods>
            <method name="get_TargetPath" signature="()" line-rate="1" branch-rate="1" complexity="1">
              <lines>
                <line number="126" hits="2" branch="False" />
              </lines>
            </method>
            <method name=".ctor" signature="(System.String,System.String)" line-rate="1" branch-rate="1" complexity="1">
              <lines>
                <line number="128" hits="3" branch="False" />
                <line number="130" hits="3" branch="False" />
                <line number="131" hits="3" branch="False" />
              </lines>
            </method>
          </methods>
          <lines>
            <line number="126" hits="2" branch="False" />
            <line number="128" hits="3" branch="False" />
            <line number="130" hits="3" branch="False" />
            <line number="131" hits="3" branch="False" />
          </lines>
        </class>
        <class name="TUF.Exceptions.TargetIntegrityException" filename="TUF/Exceptions.cs" line-rate="1" branch-rate="1" complexity="4">
          <methods>
            <method name="get_TargetPath" signature="()" line-rate="1" branch-rate="1" complexity="1">
              <lines>
                <line number="139" hits="3" branch="False" />
              </lines>
            </method>
            <method name="get_ExpectedHash" signature="()" line-rate="1" branch-rate="1" complexity="1">
              <lines>
                <line number="140" hits="3" branch="False" />
              </lines>
            </method>
            <method name="get_ActualHash" signature="()" line-rate="1" branch-rate="1" complexity="1">
              <lines>
                <line number="141" hits="3" branch="False" />
              </lines>
            </method>
            <method name=".ctor" signature="(System.String,System.String,System.String,System.String)" line-rate="1" branch-rate="1" complexity="1">
              <lines>
                <line number="144" hits="4" branch="False" />
                <line number="146" hits="4" branch="False" />
                <line number="147" hits="4" branch="False" />
                <line number="148" hits="4" branch="False" />
                <line number="149" hits="4" branch="False" />
              </lines>
            </method>
          </methods>
          <lines>
            <line number="139" hits="3" branch="False" />
            <line number="140" hits="3" branch="False" />
            <line number="141" hits="3" branch="False" />
            <line number="144" hits="4" branch="False" />
            <line number="146" hits="4" branch="False" />
            <line number="147" hits="4" branch="False" />
            <line number="148" hits="4" branch="False" />
            <line number="149" hits="4" branch="False" />
          </lines>
        </class>
        <class name="TUF.Exceptions.DelegationException" filename="TUF/Exceptions.cs" line-rate="1" branch-rate="1" complexity="3">
          <methods>
            <method name="get_RoleName" signature="()" line-rate="1" branch-rate="1" complexity="1">
              <lines>
                <line number="157" hits="3" branch="False" />
              </lines>
            </method>
            <method name="get_DelegationDepth" signature="()" line-rate="1" branch-rate="1" complexity="1">
              <lines>
                <line number="158" hits="3" branch="False" />
              </lines>
            </method>
            <method name=".ctor" signature="(System.String,System.String,System.Int32)" line-rate="1" branch-rate="1" complexity="1">
              <lines>
                <line number="161" hits="6" branch="False" />
                <line number="163" hits="6" branch="False" />
                <line number="164" hits="6" branch="False" />
                <line number="165" hits="6" branch="False" />
              </lines>
            </method>
          </methods>
          <lines>
            <line number="157" hits="3" branch="False" />
            <line number="158" hits="3" branch="False" />
            <line number="161" hits="6" branch="False" />
            <line number="163" hits="6" branch="False" />
            <line number="164" hits="6" branch="False" />
            <line number="165" hits="6" branch="False" />
          </lines>
        </class>
        <class name="TUF.Exceptions.MaxDelegationDepthExceededException" filename="TUF/Exceptions.cs" line-rate="1" branch-rate="1" complexity="2">
          <methods>
            <method name="get_MaxDepth" signature="()" line-rate="1" branch-rate="1" complexity="1">
              <lines>
                <line number="173" hits="2" branch="False" />
              </lines>
            </method>
            <method name=".ctor" signature="(System.Int32,System.Int32)" line-rate="1" branch-rate="1" complexity="1">
              <lines>
                <line number="176" hits="3" branch="False" />
                <line number="178" hits="3" branch="False" />
                <line number="179" hits="3" branch="False" />
              </lines>
            </method>
          </methods>
          <lines>
            <line number="173" hits="2" branch="False" />
            <line number="176" hits="3" branch="False" />
            <line number="178" hits="3" branch="False" />
            <line number="179" hits="3" branch="False" />
          </lines>
        </class>
        <class name="TUF.Exceptions.RepositoryNetworkException" filename="TUF/Exceptions.cs" line-rate="1" branch-rate="1" complexity="3">
          <methods>
            <method name="get_RepositoryUri" signature="()" line-rate="1" branch-rate="1" complexity="1">
              <lines>
                <line number="187" hits="2" branch="False" />
              </lines>
            </method>
            <method name="get_StatusCode" signature="()" line-rate="1" branch-rate="1" complexity="1">
              <lines>
                <line number="188" hits="2" branch="False" />
              </lines>
            </method>
            <method name=".ctor" signature="(System.String,System.Uri,System.Nullable`1&lt;System.Net.HttpStatusCode&gt;,System.Exception)" line-rate="1" branch-rate="1" complexity="1">
              <lines>
                <line number="191" hits="4" branch="False" />
                <line number="193" hits="4" branch="False" />
                <line number="194" hits="4" branch="False" />
                <line number="195" hits="4" branch="False" />
              </lines>
            </method>
          </methods>
          <lines>
            <line number="187" hits="2" branch="False" />
            <line number="188" hits="2" branch="False" />
            <line number="191" hits="4" branch="False" />
            <line number="193" hits="4" branch="False" />
            <line number="194" hits="4" branch="False" />
            <line number="195" hits="4" branch="False" />
          </lines>
        </class>
        <class name="TUF.Exceptions.TufConfigurationException" filename="TUF/Exceptions.cs" line-rate="1" branch-rate="1" complexity="2">
          <methods>
            <method name="get_ConfigurationProperty" signature="()" line-rate="1" branch-rate="1" complexity="1">
              <lines>
                <line number="203" hits="2" branch="False" />
              </lines>
            </method>
            <method name=".ctor" signature="(System.String,System.String)" line-rate="1" branch-rate="1" complexity="1">
              <lines>
                <line number="206" hits="3" branch="False" />
                <line number="208" hits="3" branch="False" />
                <line number="209" hits="3" branch="False" />
              </lines>
            </method>
          </methods>
          <lines>
            <line number="203" hits="2" branch="False" />
            <line number="206" hits="3" branch="False" />
            <line number="208" hits="3" branch="False" />
            <line number="209" hits="3" branch="False" />
          </lines>
        </class>
        <class name="TUF.Exceptions.FileSizeException" filename="TUF/Exceptions.cs" line-rate="1" branch-rate="1" complexity="4">
          <methods>
            <method name="get_FilePath" signature="()" line-rate="1" branch-rate="1" complexity="1">
              <lines>
                <line number="217" hits="2" branch="False" />
              </lines>
            </method>
            <method name="get_ActualSize" signature="()" line-rate="1" branch-rate="1" complexity="1">
              <lines>
                <line number="218" hits="2" branch="False" />
              </lines>
            </method>
            <method name="get_MaxAllowedSize" signature="()" line-rate="1" branch-rate="1" complexity="1">
              <lines>
                <line number="219" hits="2" branch="False" />
              </lines>
            </method>
            <method name=".ctor" signature="(System.String,System.Int64,System.Int64)" line-rate="1" branch-rate="1" complexity="1">
              <lines>
                <line number="222" hits="3" branch="False" />
                <line number="224" hits="3" branch="False" />
                <line number="225" hits="3" branch="False" />
                <line number="226" hits="3" branch="False" />
                <line number="227" hits="3" branch="False" />
              </lines>
            </method>
          </methods>
          <lines>
            <line number="217" hits="2" branch="False" />
            <line number="218" hits="2" branch="False" />
            <line number="219" hits="2" branch="False" />
            <line number="222" hits="3" branch="False" />
            <line number="224" hits="3" branch="False" />
            <line number="225" hits="3" branch="False" />
            <line number="226" hits="3" branch="False" />
            <line number="227" hits="3" branch="False" />
          </lines>
        </class>
      </classes>
    </package>
  </packages>
</coverage>